<?xml version="1.0" encoding="UTF-8"?>
<!-- Generated by org.testng.reporters.JUnitReportReporter -->
<testsuite hostname="LAPTOP-GDOGE72K" failures="0" tests="2" name="day7.SuiteClass_2" time="0.008" errors="0" timestamp="2025-07-01T20:36:15 IST" skipped="0">
  <testcase classname="day7.SuiteClass_2" name="tc1" time="0.007"/>
  <testcase classname="day7.SuiteClass_2" name="tc4" time="0.001"/>
</testsuite> <!-- day7.SuiteClass_2 -->
