<?xml version="1.0" encoding="UTF-8"?>
<!-- Generated by org.testng.reporters.JUnitReportReporter -->
<testsuite hostname="LAPTOP-GDOGE72K" failures="0" tests="1" name="day8.TestNG1" time="0.008" errors="0" timestamp="2025-07-20T15:59:34 IST" skipped="0">
  <testcase classname="day8.TestNG1" name="a1" time="0.008"/>
  <system-out/>
</testsuite> <!-- day8.TestNG1 -->
