<?xml version="1.0" encoding="UTF-8"?>
<!-- Generated by org.testng.reporters.JUnitReportReporter -->
<testsuite hostname="LAPTOP-GDOGE72K" failures="0" tests="2" name="day7.SuiteClass_3" time="0.004" errors="0" timestamp="2025-07-01T20:36:15 IST" skipped="0">
  <testcase classname="day7.SuiteClass_3" name="tc2" time="0.003"/>
  <testcase classname="day7.SuiteClass_3" name="tc5" time="0.001"/>
</testsuite> <!-- day7.SuiteClass_3 -->
