<?xml version="1.0" encoding="UTF-8"?>
<!-- Generated by org.testng.reporters.JUnitReportReporter -->
<testsuite hostname="LAPTOP-GDOGE72K" failures="0" tests="1" name="day8.Annotations" time="0.006" errors="0" timestamp="2025-07-20T16:38:41 IST" skipped="0">
  <testcase classname="day8.Annotations" name="a1" time="0.006"/>
  <system-out/>
</testsuite> <!-- day8.Annotations -->
