<?xml version="1.0" encoding="UTF-8"?>
<!-- Generated by org.testng.reporters.JUnitReportReporter -->
<testsuite hostname="LAPTOP-GDOGE72K" failures="0" tests="3" name="day8.TestNG2" time="0.006" errors="0" timestamp="2025-07-20T20:13:47 IST" skipped="2">
  <testcase classname="day8.TestNG2" name="d1" time="0.006"/>
  <system-out/>
  <testcase classname="day8.TestNG2" name="a1">
    <skipped/>
  </testcase> <!-- a1 -->
  <system-out/>
  <testcase classname="day8.TestNG2" name="c1">
    <skipped/>
  </testcase> <!-- c1 -->
  <system-out/>
</testsuite> <!-- day8.TestNG2 -->
