<?xml version="1.0" encoding="UTF-8"?>
<!-- Generated by org.testng.reporters.JUnitReportReporter -->
<testsuite hostname="LAPTOP-GDOGE72K" failures="0" tests="2" name="day8.TestNG4_DataProvider" time="9.159" errors="0" timestamp="2025-07-21T17:31:34 IST" skipped="0">
  <testcase classname="day8.TestNG4_DataProvider" name="Login" time="4.594"/>
  <system-out/>
  <testcase classname="day8.TestNG4_DataProvider" name="Login" time="4.565"/>
  <system-out/>
</testsuite> <!-- day8.TestNG4_DataProvider -->
