<?xml version="1.0" encoding="UTF-8"?>
<!-- Generated by org.testng.reporters.JUnitReportReporter -->
<testsuite hostname="LAPTOP-GDOGE72K" failures="0" tests="2" name="day8.TestNG3" time="0.009" errors="0" timestamp="2025-07-21T15:59:51 IST" skipped="0">
  <testcase classname="day8.TestNG3" name="a1" time="0.008"/>
  <system-out/>
  <testcase classname="day8.TestNG3" name="b1" time="0.001"/>
  <system-out/>
</testsuite> <!-- day8.TestNG3 -->
