<?xml version="1.0" encoding="UTF-8"?>
<!-- Generated by org.testng.reporters.JUnitReportReporter -->
<testsuite hostname="LAPTOP-GDOGE72K" failures="0" tests="1" name="day7.Test_Kite" time="0.007" errors="0" timestamp="2025-07-02T11:16:48 IST" skipped="0">
  <testcase classname="day7.Test_Kite" name="tc1" time="0.007"/>
</testsuite> <!-- day7.Test_Kite -->
